{"/workspaces/DocDevAI-v2.1.0/src/utils/Config.ts": {"path":"/workspaces/DocDevAI-v2.1.0/src/utils/Config.ts","statementMap":{"0":{"start":{"line":1,"column":0},"end":{"line":1,"column":25}},"1":{"start":{"line":15,"column":4},"end":{"line":15,"column":33}},"2":{"start":{"line":16,"column":4},"end":{"line":16,"column":36}},"3":{"start":{"line":20,"column":4},"end":{"line":20,"column":28}},"4":{"start":{"line":24,"column":4},"end":{"line":24,"column":30}},"5":{"start":{"line":28,"column":4},"end":{"line":28,"column":36}},"6":{"start":{"line":32,"column":36},"end":{"line":37,"column":6}},"7":{"start":{"line":40,"column":4},"end":{"line":40,"column":74}},"8":{"start":{"line":44,"column":4},"end":{"line":44,"column":51}},"9":{"start":{"line":44,"column":41},"end":{"line":44,"column":51}},"10":{"start":{"line":46,"column":4},"end":{"line":61,"column":5}},"11":{"start":{"line":47,"column":22},"end":{"line":47,"column":63}},"12":{"start":{"line":48,"column":21},"end":{"line":48,"column":40}},"13":{"start":{"line":49,"column":45},"end":{"line":49,"column":47}},"14":{"start":{"line":52,"column":6},"end":{"line":56,"column":9}},"15":{"start":{"line":53,"column":8},"end":{"line":55,"column":9}},"16":{"start":{"line":54,"column":10},"end":{"line":54,"column":59}},"17":{"start":{"line":58,"column":6},"end":{"line":58,"column":20}},"18":{"start":{"line":60,"column":6},"end":{"line":60,"column":16}},"19":{"start":{"line":65,"column":43},"end":{"line":65,"column":45}},"20":{"start":{"line":66,"column":19},"end":{"line":71,"column":6}},"21":{"start":{"line":73,"column":4},"end":{"line":80,"column":7}},"22":{"start":{"line":74,"column":20},"end":{"line":74,"column":39}},"23":{"start":{"line":75,"column":6},"end":{"line":79,"column":7}},"24":{"start":{"line":77,"column":8},"end":{"line":77,"column":60}},"25":{"start":{"line":77,"column":53},"end":{"line":77,"column":60}},"26":{"start":{"line":78,"column":8},"end":{"line":78,"column":57}},"27":{"start":{"line":82,"column":4},"end":{"line":82,"column":18}},"28":{"start":{"line":10,"column":0},"end":{"line":10,"column":13}}},"fnMap":{"0":{"name":"(anonymous_9)","decl":{"start":{"line":14,"column":2},"end":{"line":14,"column":14}},"loc":{"start":{"line":14,"column":51},"end":{"line":17,"column":3}}},"1":{"name":"(anonymous_10)","decl":{"start":{"line":19,"column":2},"end":{"line":19,"column":5}},"loc":{"start":{"line":19,"column":43},"end":{"line":21,"column":3}}},"2":{"name":"(anonymous_11)","decl":{"start":{"line":23,"column":2},"end":{"line":23,"column":8}},"loc":{"start":{"line":23,"column":8},"end":{"line":25,"column":3}}},"3":{"name":"(anonymous_12)","decl":{"start":{"line":27,"column":2},"end":{"line":27,"column":8}},"loc":{"start":{"line":27,"column":8},"end":{"line":29,"column":3}}},"4":{"name":"(anonymous_13)","decl":{"start":{"line":31,"column":10},"end":{"line":31,"column":20}},"loc":{"start":{"line":31,"column":20},"end":{"line":41,"column":3}}},"5":{"name":"(anonymous_14)","decl":{"start":{"line":43,"column":10},"end":{"line":43,"column":22}},"loc":{"start":{"line":43,"column":22},"end":{"line":62,"column":3}}},"6":{"name":"(anonymous_15)","decl":{"start":{"line":52,"column":61},"end":{"line":52,"column":64}},"loc":{"start":{"line":52,"column":67},"end":{"line":56,"column":7}}},"7":{"name":"(anonymous_16)","decl":{"start":{"line":64,"column":10},"end":{"line":64,"column":21}},"loc":{"start":{"line":64,"column":21},"end":{"line":83,"column":3}}},"8":{"name":"(anonymous_17)","decl":{"start":{"line":73,"column":35},"end":{"line":73,"column":36}},"loc":{"start":{"line":73,"column":59},"end":{"line":80,"column":5}}}},"branchMap":{"0":{"loc":{"start":{"line":14,"column":14},"end":{"line":14,"column":51}},"type":"default-arg","locations":[{"start":{"line":14,"column":35},"end":{"line":14,"column":51}}]},"1":{"loc":{"start":{"line":44,"column":4},"end":{"line":44,"column":51}},"type":"if","locations":[{"start":{"line":44,"column":4},"end":{"line":44,"column":51}},{"start":{},"end":{}}]},"2":{"loc":{"start":{"line":53,"column":8},"end":{"line":55,"column":9}},"type":"if","locations":[{"start":{"line":53,"column":8},"end":{"line":55,"column":9}},{"start":{},"end":{}}]},"3":{"loc":{"start":{"line":75,"column":6},"end":{"line":79,"column":7}},"type":"if","locations":[{"start":{"line":75,"column":6},"end":{"line":79,"column":7}},{"start":{},"end":{}}]},"4":{"loc":{"start":{"line":77,"column":8},"end":{"line":77,"column":60}},"type":"if","locations":[{"start":{"line":77,"column":8},"end":{"line":77,"column":60}},{"start":{},"end":{}}]},"5":{"loc":{"start":{"line":77,"column":12},"end":{"line":77,"column":51}},"type":"binary-expr","locations":[{"start":{"line":77,"column":12},"end":{"line":77,"column":35}},{"start":{"line":77,"column":39},"end":{"line":77,"column":51}}]}},"s":{"0":4,"1":24,"2":24,"3":56,"4":2,"5":1,"6":25,"7":25,"8":25,"9":17,"10":8,"11":8,"12":8,"13":7,"14":7,"15":28,"16":13,"17":7,"18":1,"19":25,"20":25,"21":25,"22":100,"23":100,"24":11,"25":1,"26":10,"27":25,"28":4},"f":{"0":24,"1":56,"2":2,"3":1,"4":25,"5":25,"6":28,"7":25,"8":100},"b":{"0":[23],"1":[17,8],"2":[13,15],"3":[11,89],"4":[1,10],"5":[11,3]}}
,"/workspaces/DocDevAI-v2.1.0/src/utils/DocumentGenerator.ts": {"path":"/workspaces/DocDevAI-v2.1.0/src/utils/DocumentGenerator.ts","statementMap":{"0":{"start":{"line":1,"column":0},"end":{"line":1,"column":34}},"1":{"start":{"line":2,"column":0},"end":{"line":2,"column":34}},"2":{"start":{"line":3,"column":0},"end":{"line":3,"column":50}},"3":{"start":{"line":4,"column":0},"end":{"line":4,"column":25}},"4":{"start":{"line":5,"column":0},"end":{"line":5,"column":29}},"5":{"start":{"line":15,"column":10},"end":{"line":19,"column":4}},"6":{"start":{"line":25,"column":4},"end":{"line":25,"column":31}},"7":{"start":{"line":28,"column":26},"end":{"line":31,"column":6}},"8":{"start":{"line":32,"column":4},"end":{"line":32,"column":44}},"9":{"start":{"line":35,"column":4},"end":{"line":35,"column":75}},"10":{"start":{"line":45,"column":4},"end":{"line":64,"column":5}},"11":{"start":{"line":46,"column":6},"end":{"line":46,"column":58}},"12":{"start":{"line":49,"column":27},"end":{"line":53,"column":8}},"13":{"start":{"line":56,"column":22},"end":{"line":56,"column":71}},"14":{"start":{"line":58,"column":6},"end":{"line":58,"column":71}},"15":{"start":{"line":59,"column":6},"end":{"line":59,"column":21}},"16":{"start":{"line":61,"column":27},"end":{"line":61,"column":74}},"17":{"start":{"line":62,"column":6},"end":{"line":62,"column":38}},"18":{"start":{"line":63,"column":6},"end":{"line":63,"column":37}},"19":{"start":{"line":75,"column":4},"end":{"line":99,"column":5}},"20":{"start":{"line":77,"column":22},"end":{"line":77,"column":50}},"21":{"start":{"line":80,"column":24},"end":{"line":80,"column":91}},"22":{"start":{"line":82,"column":6},"end":{"line":82,"column":60}},"23":{"start":{"line":85,"column":18},"end":{"line":85,"column":41}},"24":{"start":{"line":86,"column":6},"end":{"line":88,"column":7}},"25":{"start":{"line":87,"column":8},"end":{"line":87,"column":47}},"26":{"start":{"line":91,"column":6},"end":{"line":91,"column":52}},"27":{"start":{"line":93,"column":6},"end":{"line":93,"column":58}},"28":{"start":{"line":94,"column":6},"end":{"line":94,"column":23}},"29":{"start":{"line":96,"column":27},"end":{"line":96,"column":70}},"30":{"start":{"line":97,"column":6},"end":{"line":97,"column":38}},"31":{"start":{"line":98,"column":6},"end":{"line":98,"column":36}},"32":{"start":{"line":107,"column":4},"end":{"line":107,"column":39}},"33":{"start":{"line":11,"column":0},"end":{"line":11,"column":13}}},"fnMap":{"0":{"name":"(anonymous_9)","decl":{"start":{"line":24,"column":2},"end":{"line":24,"column":null}},"loc":{"start":{"line":24,"column":2},"end":{"line":36,"column":3}}},"1":{"name":"(anonymous_10)","decl":{"start":{"line":44,"column":2},"end":{"line":44,"column":10}},"loc":{"start":{"line":44,"column":58},"end":{"line":65,"column":3}}},"2":{"name":"(anonymous_11)","decl":{"start":{"line":74,"column":2},"end":{"line":74,"column":17}},"loc":{"start":{"line":74,"column":86},"end":{"line":100,"column":3}}},"3":{"name":"(anonymous_12)","decl":{"start":{"line":106,"column":2},"end":{"line":106,"column":22}},"loc":{"start":{"line":106,"column":22},"end":{"line":108,"column":3}}}},"branchMap":{"0":{"loc":{"start":{"line":44,"column":28},"end":{"line":44,"column":58}},"type":"default-arg","locations":[{"start":{"line":44,"column":56},"end":{"line":44,"column":58}}]},"1":{"loc":{"start":{"line":74,"column":35},"end":{"line":74,"column":65}},"type":"default-arg","locations":[{"start":{"line":74,"column":63},"end":{"line":74,"column":65}}]},"2":{"loc":{"start":{"line":80,"column":24},"end":{"line":80,"column":91}},"type":"binary-expr","locations":[{"start":{"line":80,"column":24},"end":{"line":80,"column":34}},{"start":{"line":80,"column":38},"end":{"line":80,"column":91}}]},"3":{"loc":{"start":{"line":86,"column":6},"end":{"line":88,"column":7}},"type":"if","locations":[{"start":{"line":86,"column":6},"end":{"line":88,"column":7}},{"start":{},"end":{}}]}},"s":{"0":3,"1":3,"2":3,"3":3,"4":3,"5":33,"6":33,"7":33,"8":33,"9":33,"10":55,"11":55,"12":55,"13":55,"14":53,"15":53,"16":2,"17":2,"18":2,"19":28,"20":28,"21":28,"22":28,"23":28,"24":28,"25":3,"26":28,"27":26,"28":26,"29":2,"30":2,"31":2,"32":1,"33":3},"f":{"0":33,"1":55,"2":28,"3":1},"b":{"0":[0],"1":[0],"2":[28,2],"3":[3,25]}}
,"/workspaces/DocDevAI-v2.1.0/src/utils/Logger.ts": {"path":"/workspaces/DocDevAI-v2.1.0/src/utils/Logger.ts","statementMap":{"0":{"start":{"line":1,"column":0},"end":{"line":1,"column":25}},"1":{"start":{"line":11,"column":4},"end":{"line":11,"column":35}},"2":{"start":{"line":15,"column":4},"end":{"line":15,"column":38}},"3":{"start":{"line":19,"column":4},"end":{"line":19,"column":37}},"4":{"start":{"line":23,"column":4},"end":{"line":23,"column":37}},"5":{"start":{"line":27,"column":4},"end":{"line":27,"column":38}},"6":{"start":{"line":31,"column":22},"end":{"line":31,"column":46}},"7":{"start":{"line":32,"column":23},"end":{"line":32,"column":38}},"8":{"start":{"line":33,"column":20},"end":{"line":33,"column":59}},"9":{"start":{"line":35,"column":4},"end":{"line":35,"column":25}},"10":{"start":{"line":37,"column":4},"end":{"line":43,"column":5}},"11":{"start":{"line":38,"column":6},"end":{"line":42,"column":7}},"12":{"start":{"line":39,"column":8},"end":{"line":39,"column":65}},"13":{"start":{"line":41,"column":8},"end":{"line":41,"column":61}},"14":{"start":{"line":45,"column":4},"end":{"line":45,"column":19}},"15":{"start":{"line":7,"column":0},"end":{"line":7,"column":13}}},"fnMap":{"0":{"name":"(anonymous_9)","decl":{"start":{"line":10,"column":2},"end":{"line":10,"column":14}},"loc":{"start":{"line":10,"column":41},"end":{"line":12,"column":3}}},"1":{"name":"(anonymous_10)","decl":{"start":{"line":14,"column":2},"end":{"line":14,"column":7}},"loc":{"start":{"line":14,"column":20},"end":{"line":16,"column":3}}},"2":{"name":"(anonymous_11)","decl":{"start":{"line":18,"column":2},"end":{"line":18,"column":6}},"loc":{"start":{"line":18,"column":19},"end":{"line":20,"column":3}}},"3":{"name":"(anonymous_12)","decl":{"start":{"line":22,"column":2},"end":{"line":22,"column":6}},"loc":{"start":{"line":22,"column":19},"end":{"line":24,"column":3}}},"4":{"name":"(anonymous_13)","decl":{"start":{"line":26,"column":2},"end":{"line":26,"column":7}},"loc":{"start":{"line":26,"column":20},"end":{"line":28,"column":3}}},"5":{"name":"(anonymous_14)","decl":{"start":{"line":30,"column":10},"end":{"line":30,"column":13}},"loc":{"start":{"line":30,"column":41},"end":{"line":46,"column":3}}}},"branchMap":{"0":{"loc":{"start":{"line":10,"column":14},"end":{"line":10,"column":41}},"type":"default-arg","locations":[{"start":{"line":10,"column":39},"end":{"line":10,"column":41}}]},"1":{"loc":{"start":{"line":37,"column":4},"end":{"line":43,"column":5}},"type":"if","locations":[{"start":{"line":37,"column":4},"end":{"line":43,"column":5}},{"start":{},"end":{}}]}},"s":{"0":4,"1":16,"2":31,"3":37,"4":1,"5":4,"6":73,"7":73,"8":73,"9":73,"10":73,"11":2,"12":2,"13":1,"14":73,"15":4},"f":{"0":16,"1":31,"2":37,"3":1,"4":4,"5":73},"b":{"0":[6],"1":[2,71]}}
,"/workspaces/DocDevAI-v2.1.0/src/utils/TemplateEngine.ts": {"path":"/workspaces/DocDevAI-v2.1.0/src/utils/TemplateEngine.ts","statementMap":{"0":{"start":{"line":1,"column":0},"end":{"line":1,"column":25}},"1":{"start":{"line":2,"column":0},"end":{"line":2,"column":29}},"2":{"start":{"line":16,"column":4},"end":{"line":16,"column":37}},"3":{"start":{"line":26,"column":28},"end":{"line":26,"column":59}},"4":{"start":{"line":27,"column":4},"end":{"line":27,"column":61}},"5":{"start":{"line":36,"column":25},"end":{"line":36,"column":63}},"6":{"start":{"line":38,"column":4},"end":{"line":41,"column":5}},"7":{"start":{"line":39,"column":23},"end":{"line":39,"column":50}},"8":{"start":{"line":40,"column":6},"end":{"line":40,"column":57}},"9":{"start":{"line":43,"column":4},"end":{"line":43,"column":50}},"10":{"start":{"line":53,"column":21},"end":{"line":55,"column":28}},"11":{"start":{"line":57,"column":4},"end":{"line":57,"column":50}},"12":{"start":{"line":70,"column":17},"end":{"line":70,"column":25}},"13":{"start":{"line":73,"column":28},"end":{"line":73,"column":44}},"14":{"start":{"line":75,"column":4},"end":{"line":84,"column":7}},"15":{"start":{"line":77,"column":6},"end":{"line":81,"column":7}},"16":{"start":{"line":78,"column":22},"end":{"line":78,"column":40}},"17":{"start":{"line":80,"column":8},"end":{"line":80,"column":74}},"18":{"start":{"line":83,"column":6},"end":{"line":83,"column":19}},"19":{"start":{"line":86,"column":4},"end":{"line":86,"column":18}},"20":{"start":{"line":8,"column":0},"end":{"line":8,"column":13}}},"fnMap":{"0":{"name":"(anonymous_9)","decl":{"start":{"line":15,"column":2},"end":{"line":15,"column":14}},"loc":{"start":{"line":15,"column":50},"end":{"line":17,"column":3}}},"1":{"name":"(anonymous_10)","decl":{"start":{"line":25,"column":2},"end":{"line":25,"column":8}},"loc":{"start":{"line":25,"column":66},"end":{"line":28,"column":3}}},"2":{"name":"(anonymous_11)","decl":{"start":{"line":35,"column":10},"end":{"line":35,"column":22}},"loc":{"start":{"line":35,"column":43},"end":{"line":44,"column":3}}},"3":{"name":"(anonymous_12)","decl":{"start":{"line":51,"column":10},"end":{"line":51,"column":29}},"loc":{"start":{"line":51,"column":50},"end":{"line":58,"column":3}}},"4":{"name":"(anonymous_13)","decl":{"start":{"line":66,"column":10},"end":{"line":66,"column":26}},"loc":{"start":{"line":68,"column":34},"end":{"line":87,"column":3}}},"5":{"name":"(anonymous_14)","decl":{"start":{"line":75,"column":47},"end":{"line":75,"column":48}},"loc":{"start":{"line":75,"column":66},"end":{"line":84,"column":5}}}},"branchMap":{"0":{"loc":{"start":{"line":15,"column":14},"end":{"line":15,"column":50}},"type":"default-arg","locations":[{"start":{"line":15,"column":37},"end":{"line":15,"column":50}}]},"1":{"loc":{"start":{"line":25,"column":31},"end":{"line":25,"column":66}},"type":"default-arg","locations":[{"start":{"line":25,"column":64},"end":{"line":25,"column":66}}]},"2":{"loc":{"start":{"line":38,"column":4},"end":{"line":41,"column":5}},"type":"if","locations":[{"start":{"line":38,"column":4},"end":{"line":41,"column":5}},{"start":{},"end":{}}]},"3":{"loc":{"start":{"line":53,"column":21},"end":{"line":55,"column":28}},"type":"cond-expr","locations":[{"start":{"line":54,"column":8},"end":{"line":54,"column":20}},{"start":{"line":55,"column":8},"end":{"line":55,"column":28}}]},"4":{"loc":{"start":{"line":77,"column":6},"end":{"line":81,"column":7}},"type":"if","locations":[{"start":{"line":77,"column":6},"end":{"line":81,"column":7}},{"start":{},"end":{}}]},"5":{"loc":{"start":{"line":80,"column":15},"end":{"line":80,"column":73}},"type":"cond-expr","locations":[{"start":{"line":80,"column":55},"end":{"line":80,"column":57}},{"start":{"line":80,"column":60},"end":{"line":80,"column":73}}]},"6":{"loc":{"start":{"line":80,"column":15},"end":{"line":80,"column":52}},"type":"binary-expr","locations":[{"start":{"line":80,"column":15},"end":{"line":80,"column":29}},{"start":{"line":80,"column":33},"end":{"line":80,"column":52}}]}},"s":{"0":5,"1":5,"2":39,"3":139,"4":136,"5":141,"6":141,"7":4,"8":4,"9":137,"10":144,"11":144,"12":139,"13":139,"14":139,"15":1555,"16":1166,"17":1166,"18":389,"19":139,"20":5},"f":{"0":39,"1":139,"2":141,"3":144,"4":139,"5":1555},"b":{"0":[1],"1":[1],"2":[4,137],"3":[1,143],"4":[1166,389],"5":[2,1164],"6":[1166,1165]}}
}
