TN:
SF:src/utils/Config.ts
FN:14,(anonymous_9)
FN:19,(anonymous_10)
FN:23,(anonymous_11)
FN:27,(anonymous_12)
FN:31,(anonymous_13)
FN:43,(anonymous_14)
FN:52,(anonymous_15)
FN:64,(anonymous_16)
FN:73,(anonymous_17)
FNF:9
FNH:9
FNDA:24,(anonymous_9)
FNDA:56,(anonymous_10)
FNDA:2,(anonymous_11)
FNDA:1,(anonymous_12)
FNDA:25,(anonymous_13)
FNDA:25,(anonymous_14)
FNDA:28,(anonymous_15)
FNDA:25,(anonymous_16)
FNDA:100,(anonymous_17)
DA:1,4
DA:10,4
DA:15,24
DA:16,24
DA:20,56
DA:24,2
DA:28,1
DA:32,25
DA:40,25
DA:44,25
DA:46,8
DA:47,8
DA:48,8
DA:49,7
DA:52,7
DA:53,28
DA:54,13
DA:58,7
DA:60,1
DA:65,25
DA:66,25
DA:73,25
DA:74,100
DA:75,100
DA:77,11
DA:78,10
DA:82,25
LF:27
LH:27
BRDA:14,0,0,23
BRDA:44,1,0,17
BRDA:44,1,1,8
BRDA:53,2,0,13
BRDA:53,2,1,15
BRDA:75,3,0,11
BRDA:75,3,1,89
BRDA:77,4,0,1
BRDA:77,4,1,10
BRDA:77,5,0,11
BRDA:77,5,1,3
BRF:11
BRH:11
end_of_record
TN:
SF:src/utils/DocumentGenerator.ts
FN:24,(anonymous_9)
FN:44,(anonymous_10)
FN:74,(anonymous_11)
FN:106,(anonymous_12)
FNF:4
FNH:4
FNDA:33,(anonymous_9)
FNDA:55,(anonymous_10)
FNDA:28,(anonymous_11)
FNDA:1,(anonymous_12)
DA:1,3
DA:2,3
DA:3,3
DA:4,3
DA:5,3
DA:11,3
DA:15,33
DA:25,33
DA:28,33
DA:32,33
DA:35,33
DA:45,55
DA:46,55
DA:49,55
DA:56,55
DA:58,53
DA:59,53
DA:61,2
DA:62,2
DA:63,2
DA:75,28
DA:77,28
DA:80,28
DA:82,28
DA:85,28
DA:86,28
DA:87,3
DA:91,28
DA:93,26
DA:94,26
DA:96,2
DA:97,2
DA:98,2
DA:107,1
LF:34
LH:34
BRDA:44,0,0,0
BRDA:74,1,0,0
BRDA:80,2,0,28
BRDA:80,2,1,2
BRDA:86,3,0,3
BRDA:86,3,1,25
BRF:6
BRH:4
end_of_record
TN:
SF:src/utils/Logger.ts
FN:10,(anonymous_9)
FN:14,(anonymous_10)
FN:18,(anonymous_11)
FN:22,(anonymous_12)
FN:26,(anonymous_13)
FN:30,(anonymous_14)
FNF:6
FNH:6
FNDA:16,(anonymous_9)
FNDA:31,(anonymous_10)
FNDA:37,(anonymous_11)
FNDA:1,(anonymous_12)
FNDA:4,(anonymous_13)
FNDA:73,(anonymous_14)
DA:1,4
DA:7,4
DA:11,16
DA:15,31
DA:19,37
DA:23,1
DA:27,4
DA:31,73
DA:32,73
DA:33,73
DA:35,73
DA:37,73
DA:38,2
DA:39,2
DA:41,1
DA:45,73
LF:16
LH:16
BRDA:10,0,0,6
BRDA:37,1,0,2
BRDA:37,1,1,71
BRF:3
BRH:3
end_of_record
TN:
SF:src/utils/TemplateEngine.ts
FN:15,(anonymous_9)
FN:25,(anonymous_10)
FN:35,(anonymous_11)
FN:51,(anonymous_12)
FN:66,(anonymous_13)
FN:75,(anonymous_14)
FNF:6
FNH:6
FNDA:39,(anonymous_9)
FNDA:139,(anonymous_10)
FNDA:141,(anonymous_11)
FNDA:144,(anonymous_12)
FNDA:139,(anonymous_13)
FNDA:1555,(anonymous_14)
DA:1,5
DA:2,5
DA:8,5
DA:16,39
DA:26,139
DA:27,136
DA:36,141
DA:38,141
DA:39,4
DA:40,4
DA:43,137
DA:53,144
DA:57,144
DA:70,139
DA:73,139
DA:75,139
DA:77,1555
DA:78,1166
DA:80,1166
DA:83,389
DA:86,139
LF:21
LH:21
BRDA:15,0,0,1
BRDA:25,1,0,1
BRDA:38,2,0,4
BRDA:38,2,1,137
BRDA:53,3,0,1
BRDA:53,3,1,143
BRDA:77,4,0,1166
BRDA:77,4,1,389
BRDA:80,5,0,2
BRDA:80,5,1,1164
BRDA:80,6,0,1166
BRDA:80,6,1,1165
BRF:12
BRH:12
end_of_record
